#
# A fatal error has been detected by the Java Runtime Environment:
#
#  EXCEPTION_ACCESS_VIOLATION (0xc0000005) at pc=0x00000000626da120, pid=5936, tid=11452
#
# JRE version: Java(TM) SE Runtime Environment (8.0_25-b18) (build 1.8.0_25-b18)
# Java VM: Java HotSpot(TM) 64-Bit Server VM (25.25-b02 mixed mode windows-amd64 compressed oops)
# Problematic frame:
# V  [jvm.dll+0x19a120]
#
# Failed to write core dump. Minidumps are not enabled by default on client versions of Windows
#
# If you would like to submit a bug report, please visit:
#   http://bugreport.sun.com/bugreport/crash.jsp
#

---------------  T H R E A D  ---------------

Current thread (0x0000000016211000):  JavaThread "JDWP Transport Listener: dt_socket" daemon [_thread_in_vm, id=11452, stack(0x0000000017750000,0x0000000017850000)]

siginfo: ExceptionCode=0xc0000005, writing address 0x000000033b799e50

Registers:
RAX=0x0000000017b374a8, RBX=0x0000000064646400, RCX=0x0000000016205710, RDX=0x0000000000000001
RSP=0x000000001784f620, RBP=0x000000001784f768, RSI=0x000000010006f9e0, RDI=0x0000000000000013
R8 =0x000000001620c750, R9 =0x0000000000000001, R10=0x0000000000000000, R11=0x0000000017b374a8
R12=0x0000000018567e50, R13=0x000000001784f720, R14=0x000000001784f768, R15=0x0000000000000015
RIP=0x00000000626da120, EFLAGS=0x0000000000010202

Top of Stack: (sp=0x000000001784f620)
0x000000001784f620:   0000000064646400 000000001784f768
0x000000001784f630:   000000010006f9e0 000000010006f9e0
0x000000001784f640:   0000000016211000 00000000161c5090
0x000000001784f650:   0000000016205620 0000000016205630
0x000000001784f660:   0000000016205708 00000000000000d8
0x000000001784f670:   000000001784fa40 00000000627a50b4
0x000000001784f680:   0000000000000000 0000000000000000
0x000000001784f690:   0000000016211f88 00000000e11a8c00
0x000000001784f6a0:   0000000016211000 000000006286b643
0x000000001784f6b0:   000000001784f768 000000001784f720
0x000000001784f6c0:   0000000000a9aaa0 0000000062386c02
0x000000001784f6d0:   0000000016211000 0000000000000000
0x000000001784f6e0:   0000000000000000 0000000000000000
0x000000001784f6f0:   0000000000000000 000000006237551f
0x000000001784f700:   000000001784f7b0 0000000000000001
0x000000001784f710:   0000000016227008 000000001784f7e0 

Instructions: (pc=0x00000000626da120)
0x00000000626da100:   48 8b 8e 80 01 00 00 48 8b 86 a0 01 00 00 48 8b
0x00000000626da110:   4c f9 08 48 63 5c b8 04 e8 93 5e ef ff 48 ff c7
0x00000000626da120:   49 89 04 dc 49 3b ff 7c d7 eb 23 45 85 ff 7e 1e
0x00000000626da130:   48 8b 86 80 01 00 00 48 8b 4c f8 08 e8 6f 5e ef 


Register to memory mapping:

RAX=0x0000000017b374a8 is an unknown value
RBX=0x0000000064646400 is an unknown value
RCX=0x0000000016205710 is an unknown value
RDX=0x0000000000000001 is an unknown value
RSP=0x000000001784f620 is pointing into the stack for thread: 0x0000000016211000
RBP=0x000000001784f768 is pointing into the stack for thread: 0x0000000016211000
RSI=0x000000010006f9e0 is pointing into metadata
RDI=0x0000000000000013 is an unknown value
R8 =0x000000001620c750 is an unknown value
R9 =0x0000000000000001 is an unknown value
R10=0x0000000000000000 is an unknown value
R11=0x0000000017b374a8 is an unknown value
R12=0x0000000018567e50 is an unknown value
R13=0x000000001784f720 is pointing into the stack for thread: 0x0000000016211000
R14=0x000000001784f768 is pointing into the stack for thread: 0x0000000016211000
R15=0x0000000000000015 is an unknown value


Stack: [0x0000000017750000,0x0000000017850000],  sp=0x000000001784f620,  free space=1021k
Native frames: (J=compiled Java code, j=interpreted, Vv=VM code, C=native code)
V  [jvm.dll+0x19a120]
V  [jvm.dll+0x32b643]
C  [jdwp.dll+0x551f]
C  [jdwp.dll+0xf09c]
C  [jdwp.dll+0x1f2c9]
C  [jdwp.dll+0x1f49e]
V  [jvm.dll+0x1abba8]
V  [jvm.dll+0x22bde4]
V  [jvm.dll+0x2852fa]
C  [msvcr100.dll+0x21d9f]
C  [msvcr100.dll+0x21e3b]
C  [KERNEL32.DLL+0x13034]
C  [ntdll.dll+0x73691]


---------------  P R O C E S S  ---------------

Java Threads: ( => current thread )
  0x0000000017c62800 JavaThread "Service Thread" daemon [_thread_blocked, id=10204, stack(0x0000000018150000,0x0000000018250000)]
  0x0000000017b2b800 JavaThread "C1 CompilerThread2" daemon [_thread_blocked, id=7568, stack(0x0000000018050000,0x0000000018150000)]
  0x0000000017b21000 JavaThread "C2 CompilerThread1" daemon [_thread_blocked, id=1240, stack(0x0000000017f50000,0x0000000018050000)]
  0x0000000017b20800 JavaThread "C2 CompilerThread0" daemon [_thread_blocked, id=4436, stack(0x0000000017e50000,0x0000000017f50000)]
  0x000000001621a000 JavaThread "JDWP Command Reader" daemon [_thread_in_native, id=3312, stack(0x0000000017950000,0x0000000017a50000)]
  0x0000000016218800 JavaThread "JDWP Event Helper Thread" daemon [_thread_blocked, id=8080, stack(0x0000000017850000,0x0000000017950000)]
=>0x0000000016211000 JavaThread "JDWP Transport Listener: dt_socket" daemon [_thread_in_vm, id=11452, stack(0x0000000017750000,0x0000000017850000)]
  0x00000000161ff000 JavaThread "Attach Listener" daemon [_thread_blocked, id=3340, stack(0x0000000017650000,0x0000000017750000)]
  0x00000000161fe000 JavaThread "Signal Dispatcher" daemon [_thread_blocked, id=12348, stack(0x0000000017550000,0x0000000017650000)]
  0x00000000029d2800 JavaThread "Finalizer" daemon [_thread_blocked, id=9932, stack(0x0000000017450000,0x0000000017550000)]
  0x00000000161c8800 JavaThread "Reference Handler" daemon [_thread_blocked, id=13056, stack(0x0000000017350000,0x0000000017450000)]
  0x00000000028e4000 JavaThread "main" [_thread_blocked, id=8488, stack(0x0000000002690000,0x0000000002790000)]

Other Threads:
  0x00000000161c6000 VMThread [stack: 0x0000000017250000,0x0000000017350000] [id=12436]
  0x0000000017c64800 WatcherThread [stack: 0x0000000018250000,0x0000000018350000] [id=1984]

VM state:not at safepoint (normal execution)

VM Mutex/Monitor currently owned by a thread: None

Heap:
 PSYoungGen      total 28160K, used 17001K [0x00000000e0c00000, 0x00000000e2b00000, 0x0000000100000000)
  eden space 24576K, 69% used [0x00000000e0c00000,0x00000000e1c9a568,0x00000000e2400000)
  from space 3584K, 0% used [0x00000000e2780000,0x00000000e2780000,0x00000000e2b00000)
  to   space 3584K, 0% used [0x00000000e2400000,0x00000000e2400000,0x00000000e2780000)
 ParOldGen       total 64512K, used 0K [0x00000000a2400000, 0x00000000a6300000, 0x00000000e0c00000)
  object space 64512K, 0% used [0x00000000a2400000,0x00000000a2400000,0x00000000a6300000)
 Metaspace       used 7091K, capacity 7240K, committed 7296K, reserved 1056768K
  class space    used 815K, capacity 853K, committed 896K, reserved 1048576K

Card table byte_map: [0x0000000011da0000,0x0000000012090000] byte_map_base: 0x000000001188e000

Marking Bits: (ParMarkBitMap*) 0x0000000062d1d490
 Begin Bits: [0x0000000012690000, 0x0000000013e00000)
 End Bits:   [0x0000000013e00000, 0x0000000015570000)

Polling page: 0x0000000000aa0000

CodeCache: size=245760Kb used=2288Kb max_used=2288Kb free=243471Kb
 bounds [0x00000000029e0000, 0x0000000002c50000, 0x00000000119e0000]
 total_blobs=825 nmethods=513 adapters=234
 compilation: enabled

Compilation events (10 events):
Event: 41.664 Thread 0x0000000017b2b800  509       3       java.lang.invoke.InvokerBytecodeGenerator::emitPushArgument (147 bytes)
Event: 41.667 Thread 0x0000000017b2b800 nmethod 509 0x0000000002c197d0 code [0x0000000002c19a80, 0x0000000002c1ae88]
Event: 41.667 Thread 0x0000000017b2b800  511       1       java.lang.invoke.MethodType::parameterType (7 bytes)
Event: 41.667 Thread 0x0000000017b2b800 nmethod 511 0x0000000002c1ba10 code [0x0000000002c1bb60, 0x0000000002c1bc90]
Event: 41.667 Thread 0x0000000017b2b800  510       1       java.lang.invoke.MethodTypeForm::basicType (5 bytes)
Event: 41.667 Thread 0x0000000017b2b800 nmethod 510 0x0000000002c16510 code [0x0000000002c16660, 0x0000000002c16770]
Event: 41.719 Thread 0x0000000017b2b800  512       3       java.lang.String::valueOf (14 bytes)
Event: 41.719 Thread 0x0000000017b2b800 nmethod 512 0x0000000002c1bd50 code [0x0000000002c1bec0, 0x0000000002c1c128]
Event: 41.719 Thread 0x0000000017b2b800  513       3       java.lang.StringBuilder::append (9 bytes)
Event: 41.720 Thread 0x0000000017b2b800 nmethod 513 0x0000000002c1c1d0 code [0x0000000002c1c360, 0x0000000002c1c758]

GC Heap History (0 events):
No events

Deoptimization events (0 events):
No events

Internal exceptions (10 events):
Event: 2.021 Thread 0x00000000028e4000 Exception <a 'java/security/PrivilegedActionException'> (0x00000000e17bfdb0) thrown at [D:\re\workspace\8-2-build-windows-amd64-cygwin\jdk8u25\1677\hotspot\src\share\vm\prims\jvm.cpp, line 1312]
Event: 2.024 Thread 0x00000000028e4000 Exception <a 'java/security/PrivilegedActionException'> (0x00000000e17c6460) thrown at [D:\re\workspace\8-2-build-windows-amd64-cygwin\jdk8u25\1677\hotspot\src\share\vm\prims\jvm.cpp, line 1312]
Event: 2.026 Thread 0x00000000028e4000 Exception <a 'java/security/PrivilegedActionException'> (0x00000000e17cca28) thrown at [D:\re\workspace\8-2-build-windows-amd64-cygwin\jdk8u25\1677\hotspot\src\share\vm\prims\jvm.cpp, line 1312]
Event: 2.028 Thread 0x00000000028e4000 Exception <a 'java/security/PrivilegedActionException'> (0x00000000e17d3528) thrown at [D:\re\workspace\8-2-build-windows-amd64-cygwin\jdk8u25\1677\hotspot\src\share\vm\prims\jvm.cpp, line 1312]
Event: 2.029 Thread 0x00000000028e4000 Exception <a 'java/security/PrivilegedActionException'> (0x00000000e17d8450) thrown at [D:\re\workspace\8-2-build-windows-amd64-cygwin\jdk8u25\1677\hotspot\src\share\vm\prims\jvm.cpp, line 1312]
Event: 2.031 Thread 0x00000000028e4000 Exception <a 'java/security/PrivilegedActionException'> (0x00000000e17e06e0) thrown at [D:\re\workspace\8-2-build-windows-amd64-cygwin\jdk8u25\1677\hotspot\src\share\vm\prims\jvm.cpp, line 1312]
Event: 2.091 Thread 0x00000000028e4000 Exception <a 'java/lang/ClassNotFoundException': java/lang/Null> (0x00000000e199faa0) thrown at [D:\re\workspace\8-2-build-windows-amd64-cygwin\jdk8u25\1677\hotspot\src\share\vm\classfile\systemDictionary.cpp, line 202]
Event: 2.121 Thread 0x00000000028e4000 Exception <a 'java/lang/NoSuchFieldError': method resolution failed> (0x00000000e1a04058) thrown at [D:\re\workspace\8-2-build-windows-amd64-cygwin\jdk8u25\1677\hotspot\src\share\vm\prims\methodHandles.cpp, line 1159]
Event: 2.126 Thread 0x00000000028e4000 Exception <a 'java/lang/NoSuchFieldError': method resolution failed> (0x00000000e1a14938) thrown at [D:\re\workspace\8-2-build-windows-amd64-cygwin\jdk8u25\1677\hotspot\src\share\vm\prims\methodHandles.cpp, line 1159]
Event: 2.128 Thread 0x00000000028e4000 Exception <a 'java/lang/NoSuchFieldError': method resolution failed> (0x00000000e1a1eb08) thrown at [D:\re\workspace\8-2-build-windows-amd64-cygwin\jdk8u25\1677\hotspot\src\share\vm\prims\methodHandles.cpp, line 1159]

Events (10 events):
Event: 223.561 Executing VM operation: ChangeBreakpoints
Event: 223.561 Executing VM operation: ChangeBreakpoints done
Event: 223.561 Executing VM operation: ChangeBreakpoints
Event: 223.561 Executing VM operation: ChangeBreakpoints done
Event: 223.562 Executing VM operation: ChangeBreakpoints
Event: 223.562 Executing VM operation: ChangeBreakpoints done
Event: 223.569 Thread 0x0000000016211000 DEOPT PACKING pc=0x0000000002b292ac sp=0x000000001784e1f0
Event: 223.569 Thread 0x0000000016211000 DEOPT UNPACKING pc=0x0000000002a275bf sp=0x000000001784df28 mode 1
Event: 223.578 Executing VM operation: RedefineClasses
Event: 223.585 Executing VM operation: RedefineClasses done


Dynamic libraries:
0x00007ff7b5100000 - 0x00007ff7b5134000 	C:\Program Files\Java\jdk1.8.0_25\bin\java.exe
0x00007ffa38a30000 - 0x00007ffa38c11000 	C:\WINDOWS\SYSTEM32\ntdll.dll
0x00007ffa360d0000 - 0x00007ffa36182000 	C:\WINDOWS\System32\KERNEL32.DLL
0x00007ffa35c20000 - 0x00007ffa35e93000 	C:\WINDOWS\System32\KERNELBASE.dll
0x00007ffa35ed0000 - 0x00007ffa35f71000 	C:\WINDOWS\System32\ADVAPI32.dll
0x00007ffa383a0000 - 0x00007ffa3843e000 	C:\WINDOWS\System32\msvcrt.dll
0x00007ffa38940000 - 0x00007ffa3899b000 	C:\WINDOWS\System32\sechost.dll
0x00007ffa37db0000 - 0x00007ffa37ed4000 	C:\WINDOWS\System32\RPCRT4.dll
0x00007ffa38210000 - 0x00007ffa383a0000 	C:\WINDOWS\System32\USER32.dll
0x00007ffa35ea0000 - 0x00007ffa35ec0000 	C:\WINDOWS\System32\win32u.dll
0x00007ffa37820000 - 0x00007ffa37848000 	C:\WINDOWS\System32\GDI32.dll
0x00007ffa34fb0000 - 0x00007ffa35142000 	C:\WINDOWS\System32\gdi32full.dll
0x00007ffa35b00000 - 0x00007ffa35b9f000 	C:\WINDOWS\System32\msvcp_win.dll
0x00007ffa34eb0000 - 0x00007ffa34faa000 	C:\WINDOWS\System32\ucrtbase.dll
0x00007ffa297f0000 - 0x00007ffa29a59000 	C:\WINDOWS\WinSxS\amd64_microsoft.windows.common-controls_6595b64144ccf1df_6.0.17134.472_none_fb3f9af53068156d\COMCTL32.dll
0x00007ffa37ee0000 - 0x00007ffa38202000 	C:\WINDOWS\System32\combase.dll
0x00007ffa35ba0000 - 0x00007ffa35c1a000 	C:\WINDOWS\System32\bcryptPrimitives.dll
0x00007ffa386f0000 - 0x00007ffa3871d000 	C:\WINDOWS\System32\IMM32.DLL
0x00007ffa34640000 - 0x00007ffa34677000 	C:\WINDOWS\system32\DriverStore\FileRepository\nvaci.inf_amd64_7fddf0eb988d541c\nvinitx.dll
0x00007ffa34630000 - 0x00007ffa3463a000 	C:\WINDOWS\SYSTEM32\VERSION.dll
0x00007ffa36310000 - 0x00007ffa37750000 	C:\WINDOWS\System32\Shell32.dll
0x00007ffa35a50000 - 0x00007ffa35a99000 	C:\WINDOWS\System32\cfgmgr32.dll
0x00007ffa38640000 - 0x00007ffa386e9000 	C:\WINDOWS\System32\shcore.dll
0x00007ffa35150000 - 0x00007ffa3585d000 	C:\WINDOWS\System32\windows.storage.dll
0x00007ffa36070000 - 0x00007ffa360c1000 	C:\WINDOWS\System32\shlwapi.dll
0x00007ffa34d40000 - 0x00007ffa34d51000 	C:\WINDOWS\System32\kernel.appcore.dll
0x00007ffa34de0000 - 0x00007ffa34dff000 	C:\WINDOWS\System32\profapi.dll
0x00007ffa34d80000 - 0x00007ffa34dcc000 	C:\WINDOWS\System32\powrprof.dll
0x00007ffa34dd0000 - 0x00007ffa34dda000 	C:\WINDOWS\System32\FLTLIB.DLL
0x00000000638a0000 - 0x00000000638a6000 	C:\Program Files\NVIDIA Corporation\CoProcManager\_etoured.dll
0x00007ffa30f40000 - 0x00007ffa30f84000 	C:\Program Files\NVIDIA Corporation\CoProcManager\nvd3d9wrapx.dll
0x00007ffa378e0000 - 0x00007ffa37d2b000 	C:\WINDOWS\System32\SETUPAPI.dll
0x00007ffa30f10000 - 0x00007ffa30f3e000 	C:\Program Files\NVIDIA Corporation\CoProcManager\nvdxgiwrapx.dll
0x0000000062da0000 - 0x0000000062e72000 	C:\Program Files\Java\jdk1.8.0_25\jre\bin\msvcr100.dll
0x0000000062540000 - 0x0000000062d9a000 	C:\Program Files\Java\jdk1.8.0_25\jre\bin\server\jvm.dll
0x00007ffa38930000 - 0x00007ffa38938000 	C:\WINDOWS\System32\PSAPI.DLL
0x00007ffa243f0000 - 0x00007ffa243f9000 	C:\WINDOWS\SYSTEM32\WSOCK32.dll
0x00007ffa37870000 - 0x00007ffa378dc000 	C:\WINDOWS\System32\WS2_32.dll
0x00007ffa32e60000 - 0x00007ffa32e83000 	C:\WINDOWS\SYSTEM32\WINMM.dll
0x00007ffa32d50000 - 0x00007ffa32d7a000 	C:\WINDOWS\SYSTEM32\WINMMBASE.dll
0x0000000062530000 - 0x000000006253f000 	C:\Program Files\Java\jdk1.8.0_25\jre\bin\verify.dll
0x0000000062500000 - 0x0000000062528000 	C:\Program Files\Java\jdk1.8.0_25\jre\bin\java.dll
0x0000000062370000 - 0x00000000623a5000 	C:\Program Files\Java\jdk1.8.0_25\jre\bin\jdwp.dll
0x0000000062360000 - 0x0000000062368000 	C:\Program Files\Java\jdk1.8.0_25\jre\bin\npt.dll
0x0000000062330000 - 0x0000000062353000 	C:\Program Files\Java\jdk1.8.0_25\jre\bin\instrument.dll
0x00000000624e0000 - 0x00000000624f6000 	C:\Program Files\Java\jdk1.8.0_25\jre\bin\zip.dll
0x0000000062320000 - 0x0000000062329000 	C:\Program Files\Java\jdk1.8.0_25\jre\bin\dt_socket.dll
0x00007ffa34570000 - 0x00007ffa345d6000 	C:\WINDOWS\system32\mswsock.dll
0x00007ffa34770000 - 0x00007ffa34787000 	C:\WINDOWS\SYSTEM32\CRYPTSP.dll
0x00007ffa340f0000 - 0x00007ffa34123000 	C:\WINDOWS\system32\rsaenh.dll
0x00007ffa348a0000 - 0x00007ffa348c5000 	C:\WINDOWS\SYSTEM32\bcrypt.dll
0x00007ffa34c40000 - 0x00007ffa34c68000 	C:\WINDOWS\SYSTEM32\USERENV.dll
0x00007ffa34790000 - 0x00007ffa3479b000 	C:\WINDOWS\SYSTEM32\CRYPTBASE.dll
0x00000000624c0000 - 0x00000000624da000 	C:\Program Files\Java\jdk1.8.0_25\jre\bin\net.dll
0x00007ffa34290000 - 0x00007ffa342c8000 	C:\WINDOWS\SYSTEM32\IPHLPAPI.DLL
0x00007ffa35ec0000 - 0x00007ffa35ec8000 	C:\WINDOWS\System32\NSI.dll
0x00007ffa2f0e0000 - 0x00007ffa2f0f6000 	C:\WINDOWS\SYSTEM32\dhcpcsvc6.DLL
0x00007ffa2f8a0000 - 0x00007ffa2f8ba000 	C:\WINDOWS\SYSTEM32\dhcpcsvc.DLL
0x00000000624a0000 - 0x00000000624b1000 	C:\Program Files\Java\jdk1.8.0_25\jre\bin\nio.dll
0x00007ffa291e0000 - 0x00007ffa293a9000 	C:\WINDOWS\SYSTEM32\dbghelp.dll

VM Arguments:
jvm_args: -agentlib:jdwp=transport=dt_socket,address=127.0.0.1:63726,suspend=y,server=n -ea -Didea.test.cyclic.buffer.size=1048576 -javaagent:C:\Users\ACER\.IntelliJIdea2018.3\system\groovyHotSwap\gragent.jar -javaagent:C:\Users\ACER\.IntelliJIdea2018.3\system\captureAgent\debugger-agent.jar -Dfile.encoding=UTF-8 
java_command: com.intellij.rt.execution.junit.JUnitStarter -ideVersion5 -junit4 com.kodilla.stream.portfolio.BoardTestSuite,testAddTaskListAverageWorkingOnTask
java_class_path (initial): C:\Program Files\JetBrains\IntelliJ IDEA 2018.3\lib\idea_rt.jar;C:\Program Files\JetBrains\IntelliJ IDEA 2018.3\plugins\junit\lib\junit-rt.jar;C:\Program Files\JetBrains\IntelliJ IDEA 2018.3\plugins\junit\lib\junit5-rt.jar;C:\Program Files\Java\jdk1.8.0_25\jre\lib\charsets.jar;C:\Program Files\Java\jdk1.8.0_25\jre\lib\deploy.jar;C:\Program Files\Java\jdk1.8.0_25\jre\lib\ext\access-bridge-64.jar;C:\Program Files\Java\jdk1.8.0_25\jre\lib\ext\cldrdata.jar;C:\Program Files\Java\jdk1.8.0_25\jre\lib\ext\dnsns.jar;C:\Program Files\Java\jdk1.8.0_25\jre\lib\ext\jaccess.jar;C:\Program Files\Java\jdk1.8.0_25\jre\lib\ext\jfxrt.jar;C:\Program Files\Java\jdk1.8.0_25\jre\lib\ext\localedata.jar;C:\Program Files\Java\jdk1.8.0_25\jre\lib\ext\nashorn.jar;C:\Program Files\Java\jdk1.8.0_25\jre\lib\ext\sunec.jar;C:\Program Files\Java\jdk1.8.0_25\jre\lib\ext\sunjce_provider.jar;C:\Program Files\Java\jdk1.8.0_25\jre\lib\ext\sunmscapi.jar;C:\Program Files\Java\jdk1.8.0_25\jre\lib\ext\sunpkcs11.jar;C:\Program Files\Java\jdk1.8.0_25\jre\lib\ext\zipfs.jar;C:\Program Files\Java\jdk1.8.0_25\jre\lib\javaws.jar;C:\Program Files\Java\jdk1.8.0_25\jre\lib\jce.jar;C:\Program Files\Java\jdk1.8.0_25\jre\lib\jfr.jar;C:\Program Files\Java\jdk1.8.0_25\jre\lib\jfxswt.jar;C:\Program Files\Java\jdk1.8.0_25\jre\lib\jsse.jar;C:\Program Files\Java\jdk1.8.0_25\jre\lib\management-agent.jar;C:\Program Files\Java\jdk1.8.0_25\jre\lib\plugin.jar;C:\Program Files\Java\jdk1.8.0_25\jre\lib\resources.jar;C:\Program Files\Java\jdk1.8.0_25\jre\lib\rt.jar;C:\Users\ACER\Documents\Development\Projects\kodilla-course\kodilla-stream\out\test\classes;C:\Users\ACER\Documents\Development\Projects\kodilla-course\kodilla-stream\out\production\classes;C:\Users\ACER\.gradle\caches\modules-2\files-2.1\junit\junit\4.12\2973d150c0dc1fefe998f834810d68f278ea58ec\junit-4.12.jar;C:\Users\ACER\.gradle\caches\modules-2\files-2.1\org.hamcrest\hamcrest-core\1.3\42a25dc3219429f0e5d060061f71acb49bf010a0\hamcrest-core-1.
Launcher Type: SUN_STANDARD

Environment Variables:
JAVA_HOME=C:\Program Files\Java\jdk1.8.0_191
PATH=C:\Program Files\Java\jdk1.8.0_191\bin;C:\ProgramData\Oracle\Java\javapath;C:\Program Files\Broadcom\Broadcom 802.11 Network Adapter\Driver;C:\Program Files (x86)\Intel\iCLS Client\;C:\Program Files\Intel\iCLS Client\;C:\Program Files\Common Files\Microsoft Shared\Windows Live;C:\Program Files (x86)\Common Files\Microsoft Shared\Windows Live;C:\WINDOWS\system32;C:\WINDOWS;C:\WINDOWS\System32\Wbem;C:\WINDOWS\System32\WindowsPowerShell\v1.0\;C:\Program Files (x86)\Windows Live\Shared;C:\Program Files (x86)\Apache Software Foundation\Apache2.2\bin;C:\Program Files (x86)\php;C:\adb;C:\Program Files (x86)\NVIDIA Corporation\PhysX\Common;C:\WINDOWS\system32;C:\WINDOWS;C:\WINDOWS\System32\Wbem;C:\WINDOWS\System32\WindowsPowerShell\v1.0\;C:\WINDOWS\System32\OpenSSH\;C:\Program Files\Git\cmd;C:\Program Files\Git\mingw64\bin;C:\Program Files\Git\usr\bin;C:\gradle-4.10.3\bin;C:\Users\ACER\AppData\Local\Microsoft\WindowsApps;
USERNAME=Mateusz
OS=Windows_NT
PROCESSOR_IDENTIFIER=Intel64 Family 6 Model 42 Stepping 7, GenuineIntel



---------------  S Y S T E M  ---------------

OS: Windows 8.1 , 64 bit Build 9600 

CPU:total 4 (2 cores per cpu, 2 threads per core) family 6 model 42 stepping 7, cmov, cx8, fxsr, mmx, sse, sse2, sse3, ssse3, sse4.1, sse4.2, popcnt, avx, aes, clmul, ht, tsc, tscinvbit

Memory: 4k page, physical 6139756k(1971496k free), swap 12431212k(6117220k free)

vm_info: Java HotSpot(TM) 64-Bit Server VM (25.25-b02) for windows-amd64 JRE (1.8.0_25-b18), built on Oct  7 2014 14:25:37 by "java_re" with MS VC++ 10.0 (VS2010)

time: Tue Jan 01 20:02:55 2019
elapsed time: 223 seconds (0d 0h 3m 43s)

