#
# A fatal error has been detected by the Java Runtime Environment:
#
#  EXCEPTION_ACCESS_VIOLATION (0xc0000005) at pc=0x000000006265a3c5, pid=1904, tid=8960
#
# JRE version: Java(TM) SE Runtime Environment (8.0_25-b18) (build 1.8.0_25-b18)
# Java VM: Java HotSpot(TM) 64-Bit Server VM (25.25-b02 mixed mode windows-amd64 compressed oops)
# Problematic frame:
# V  [jvm.dll+0x11a3c5]
#
# Failed to write core dump. Minidumps are not enabled by default on client versions of Windows
#
# If you would like to submit a bug report, please visit:
#   http://bugreport.sun.com/bugreport/crash.jsp
#

---------------  T H R E A D  ---------------

Current thread (0x0000000016488800):  JavaThread "JDWP Transport Listener: dt_socket" daemon [_thread_in_vm, id=8960, stack(0x00000000179f0000,0x0000000017af0000)]

siginfo: ExceptionCode=0xc0000005, reading address 0xffffffffffffffff

Registers:
RAX=0x0000000017aef501, RBX=0x0000000016488800, RCX=0x74696e756a2f6772, RDX=0x0000000000000000
RSP=0x0000000017aef540, RBP=0x74696e756a2f6772, RSI=0x0000000017aef658, RDI=0x0000000000a8aaa0
R8 =0x0000000016488800, R9 =0x0000000000008000, R10=0x0000000000000000, R11=0x0000000017aef791
R12=0x0000000000000000, R13=0x00000000164920f8, R14=0x0000000000000000, R15=0x0000000000000000
RIP=0x000000006265a3c5, EFLAGS=0x0000000000010206

Top of Stack: (sp=0x0000000017aef540)
0x0000000017aef540:   0000000016488800 0000000016488800
0x0000000017aef550:   0000000017aef608 00000000628578db
0x0000000017aef560:   0000000016488800 000000006287413d
0x0000000017aef570:   0000000000000000 0000000062389149
0x0000000017aef580:   0000000017d73068 0000000062392912
0x0000000017aef590:   0000000016488800 0000000000000000
0x0000000017aef5a0:   0000000000000000 0000000000000000
0x0000000017aef5b0:   74696e756a2f6772 0000000062391a09
0x0000000017aef5c0:   0000000017aef658 0000000017aef630
0x0000000017aef5d0:   0000000000000001 0000000017d73068
0x0000000017aef5e0:   74696e756a2f6772 00000000623753b3
0x0000000017aef5f0:   0000000017aef720 0000000000000001
0x0000000017aef600:   0000000000000001 0000000017d73068
0x0000000017aef610:   0000000000000001 0000000000000000
0x0000000017aef620:   0000000000000000 0000000000000000
0x0000000017aef630:   0000000000000001 0000000062375571 

Instructions: (pc=0x000000006265a3c5)
0x000000006265a3a5:   cc cc cc cc cc cc cc cc cc cc cc 48 83 ec 28 48
0x000000006265a3b5:   85 c9 75 07 33 c0 48 83 c4 28 c3 48 89 5c 24 20
0x000000006265a3c5:   48 8b 19 48 85 db 74 20 48 83 fb 37 74 1a 48 8b
0x000000006265a3d5:   13 48 8b cb ff 52 10 84 c0 74 0d 48 8b c3 48 8b 


Register to memory mapping:

RAX=0x0000000017aef501 is pointing into the stack for thread: 0x0000000016488800
RBX=0x0000000016488800 is a thread
RCX=0x74696e756a2f6772 is an unknown value
RDX=0x0000000000000000 is an unknown value
RSP=0x0000000017aef540 is pointing into the stack for thread: 0x0000000016488800
RBP=0x74696e756a2f6772 is an unknown value
RSI=0x0000000017aef658 is pointing into the stack for thread: 0x0000000016488800
RDI=0x0000000000a8aaa0 is an unknown value
R8 =0x0000000016488800 is a thread
R9 =0x0000000000008000 is an unknown value
R10=0x0000000000000000 is an unknown value
R11=0x0000000017aef791 is pointing into the stack for thread: 0x0000000016488800
R12=0x0000000000000000 is an unknown value
R13=0x00000000164920f8 is an unknown value
R14=0x0000000000000000 is an unknown value
R15=0x0000000000000000 is an unknown value


Stack: [0x00000000179f0000,0x0000000017af0000],  sp=0x0000000017aef540,  free space=1021k
Native frames: (J=compiled Java code, j=interpreted, Vv=VM code, C=native code)
V  [jvm.dll+0x11a3c5]
V  [jvm.dll+0x33413d]
C  [jdwp.dll+0x21a09]
C  [jdwp.dll+0x53b3]
C  [jdwp.dll+0x5571]
C  [jdwp.dll+0xf09c]
C  [jdwp.dll+0x1f2c9]
C  [jdwp.dll+0x1f49e]
V  [jvm.dll+0x1abba8]
V  [jvm.dll+0x22bde4]
V  [jvm.dll+0x2852fa]
C  [msvcr100.dll+0x21d9f]
C  [msvcr100.dll+0x21e3b]
C  [KERNEL32.DLL+0x13034]
C  [ntdll.dll+0x73691]


---------------  P R O C E S S  ---------------

Java Threads: ( => current thread )
  0x0000000017eb0000 JavaThread "Service Thread" daemon [_thread_blocked, id=2624, stack(0x00000000183f0000,0x00000000184f0000)]
  0x0000000017dc7800 JavaThread "C1 CompilerThread2" daemon [_thread_blocked, id=10920, stack(0x00000000182f0000,0x00000000183f0000)]
  0x0000000017dc4800 JavaThread "C2 CompilerThread1" daemon [_thread_blocked, id=7652, stack(0x00000000181f0000,0x00000000182f0000)]
  0x0000000017dc4000 JavaThread "C2 CompilerThread0" daemon [_thread_blocked, id=4616, stack(0x00000000180f0000,0x00000000181f0000)]
  0x000000001649a000 JavaThread "JDWP Command Reader" daemon [_thread_in_native, id=4356, stack(0x0000000017bf0000,0x0000000017cf0000)]
  0x0000000016498800 JavaThread "JDWP Event Helper Thread" daemon [_thread_blocked, id=1540, stack(0x0000000017af0000,0x0000000017bf0000)]
=>0x0000000016488800 JavaThread "JDWP Transport Listener: dt_socket" daemon [_thread_in_vm, id=8960, stack(0x00000000179f0000,0x0000000017af0000)]
  0x0000000016481000 JavaThread "Attach Listener" daemon [_thread_blocked, id=11160, stack(0x00000000178f0000,0x00000000179f0000)]
  0x000000001647f800 JavaThread "Signal Dispatcher" daemon [_thread_blocked, id=4804, stack(0x00000000177f0000,0x00000000178f0000)]
  0x0000000002c52000 JavaThread "Finalizer" daemon [_thread_blocked, id=10184, stack(0x00000000176f0000,0x00000000177f0000)]
  0x0000000016448000 JavaThread "Reference Handler" daemon [_thread_blocked, id=10228, stack(0x00000000175f0000,0x00000000176f0000)]
  0x0000000002b64000 JavaThread "main" [_thread_blocked, id=12040, stack(0x0000000002960000,0x0000000002a60000)]

Other Threads:
  0x0000000016446000 VMThread [stack: 0x00000000174f0000,0x00000000175f0000] [id=11808]
  0x0000000017ed4800 WatcherThread [stack: 0x00000000184f0000,0x00000000185f0000] [id=6296]

VM state:not at safepoint (normal execution)

VM Mutex/Monitor currently owned by a thread: None

Heap:
 PSYoungGen      total 28160K, used 16829K [0x00000000e0c00000, 0x00000000e2b00000, 0x0000000100000000)
  eden space 24576K, 68% used [0x00000000e0c00000,0x00000000e1c6f788,0x00000000e2400000)
  from space 3584K, 0% used [0x00000000e2780000,0x00000000e2780000,0x00000000e2b00000)
  to   space 3584K, 0% used [0x00000000e2400000,0x00000000e2400000,0x00000000e2780000)
 ParOldGen       total 64512K, used 0K [0x00000000a2400000, 0x00000000a6300000, 0x00000000e0c00000)
  object space 64512K, 0% used [0x00000000a2400000,0x00000000a2400000,0x00000000a6300000)
 Metaspace       used 7016K, capacity 7122K, committed 7296K, reserved 1056768K
  class space    used 811K, capacity 860K, committed 896K, reserved 1048576K

Card table byte_map: [0x0000000012020000,0x0000000012310000] byte_map_base: 0x0000000011b0e000

Marking Bits: (ParMarkBitMap*) 0x0000000062d1d490
 Begin Bits: [0x0000000012910000, 0x0000000014080000)
 End Bits:   [0x0000000014080000, 0x00000000157f0000)

Polling page: 0x0000000000a70000

CodeCache: size=245760Kb used=2295Kb max_used=2295Kb free=243464Kb
 bounds [0x0000000002c60000, 0x0000000002ed0000, 0x0000000011c60000]
 total_blobs=831 nmethods=518 adapters=235
 compilation: enabled

Compilation events (10 events):
Event: 2.876 Thread 0x0000000017dc7800  514       1       java.lang.invoke.MethodTypeForm::basicType (5 bytes)
Event: 2.877 Thread 0x0000000017dc7800 nmethod 514 0x0000000002e99910 code [0x0000000002e99a60, 0x0000000002e99b70]
Event: 2.877 Thread 0x0000000017dc7800  515       3       java.lang.invoke.DirectMethodHandle::internalMemberName (8 bytes)
Event: 2.877 Thread 0x0000000017dc7800 nmethod 515 0x0000000002e99bd0 code [0x0000000002e99d40, 0x0000000002e99f70]
Event: 2.877 Thread 0x0000000017dc7800  517       3       java.lang.invoke.InvokerBytecodeGenerator::isStaticallyNameable (108 bytes)
Event: 2.881 Thread 0x0000000017dc7800 nmethod 517 0x0000000002e9a010 code [0x0000000002e9a3a0, 0x0000000002e9c3b8]
Event: 2.881 Thread 0x0000000017dc7800  516       3       java.lang.invoke.MemberName::getName (25 bytes)
Event: 2.881 Thread 0x0000000017dc7800 nmethod 516 0x0000000002e9d450 code [0x0000000002e9d5e0, 0x0000000002e9da08]
Event: 2.881 Thread 0x0000000017dc7800  518       3       jdk.internal.org.objectweb.asm.MethodWriter::visitInsn (106 bytes)
Event: 2.882 Thread 0x0000000017dc7800 nmethod 518 0x0000000002e9db10 code [0x0000000002e9dcc0, 0x0000000002e9e168]

GC Heap History (0 events):
No events

Deoptimization events (0 events):
No events

Internal exceptions (10 events):
Event: 2.652 Thread 0x0000000002b64000 Exception <a 'java/security/PrivilegedActionException'> (0x00000000e182ae00) thrown at [D:\re\workspace\8-2-build-windows-amd64-cygwin\jdk8u25\1677\hotspot\src\share\vm\prims\jvm.cpp, line 1312]
Event: 2.654 Thread 0x0000000002b64000 Exception <a 'java/security/PrivilegedActionException'> (0x00000000e18313c8) thrown at [D:\re\workspace\8-2-build-windows-amd64-cygwin\jdk8u25\1677\hotspot\src\share\vm\prims\jvm.cpp, line 1312]
Event: 2.657 Thread 0x0000000002b64000 Exception <a 'java/security/PrivilegedActionException'> (0x00000000e1837ec8) thrown at [D:\re\workspace\8-2-build-windows-amd64-cygwin\jdk8u25\1677\hotspot\src\share\vm\prims\jvm.cpp, line 1312]
Event: 2.658 Thread 0x0000000002b64000 Exception <a 'java/security/PrivilegedActionException'> (0x00000000e183cdf0) thrown at [D:\re\workspace\8-2-build-windows-amd64-cygwin\jdk8u25\1677\hotspot\src\share\vm\prims\jvm.cpp, line 1312]
Event: 2.662 Thread 0x0000000002b64000 Exception <a 'java/security/PrivilegedActionException'> (0x00000000e1844e90) thrown at [D:\re\workspace\8-2-build-windows-amd64-cygwin\jdk8u25\1677\hotspot\src\share\vm\prims\jvm.cpp, line 1312]
Event: 2.753 Thread 0x0000000002b64000 Exception <a 'java/lang/ClassNotFoundException': java/lang/Null> (0x00000000e1a03e18) thrown at [D:\re\workspace\8-2-build-windows-amd64-cygwin\jdk8u25\1677\hotspot\src\share\vm\classfile\systemDictionary.cpp, line 202]
Event: 2.786 Thread 0x0000000002b64000 Exception <a 'java/lang/NoSuchFieldError': method resolution failed> (0x00000000e1a68510) thrown at [D:\re\workspace\8-2-build-windows-amd64-cygwin\jdk8u25\1677\hotspot\src\share\vm\prims\methodHandles.cpp, line 1159]
Event: 2.792 Thread 0x0000000002b64000 Exception <a 'java/lang/NoSuchFieldError': method resolution failed> (0x00000000e1a78df0) thrown at [D:\re\workspace\8-2-build-windows-amd64-cygwin\jdk8u25\1677\hotspot\src\share\vm\prims\methodHandles.cpp, line 1159]
Event: 2.796 Thread 0x0000000002b64000 Exception <a 'java/lang/NoSuchFieldError': method resolution failed> (0x00000000e1a82fc0) thrown at [D:\re\workspace\8-2-build-windows-amd64-cygwin\jdk8u25\1677\hotspot\src\share\vm\prims\methodHandles.cpp, line 1159]
Event: 2.851 Thread 0x0000000002b64000 Exception <a 'java/security/PrivilegedActionException'> (0x00000000e1b8bc30) thrown at [D:\re\workspace\8-2-build-windows-amd64-cygwin\jdk8u25\1677\hotspot\src\share\vm\prims\jvm.cpp, line 1312]

Events (10 events):
Event: 202.598 Executing VM operation: ChangeBreakpoints
Event: 202.598 Executing VM operation: ChangeBreakpoints done
Event: 202.598 Executing VM operation: ChangeBreakpoints
Event: 202.598 Executing VM operation: ChangeBreakpoints done
Event: 202.615 Thread 0x0000000016488800 DEOPT PACKING pc=0x0000000002db792c sp=0x0000000017aee130
Event: 202.615 Thread 0x0000000016488800 DEOPT UNPACKING pc=0x0000000002ca75bf sp=0x0000000017aede68 mode 1
Event: 202.624 Executing VM operation: RedefineClasses
Event: 202.629 Executing VM operation: RedefineClasses done
Event: 202.632 Executing VM operation: GetOrSetLocal
Event: 202.632 Executing VM operation: GetOrSetLocal done


Dynamic libraries:
0x00007ff7b5100000 - 0x00007ff7b5134000 	C:\Program Files\Java\jdk1.8.0_25\bin\java.exe
0x00007ffa38a30000 - 0x00007ffa38c11000 	C:\WINDOWS\SYSTEM32\ntdll.dll
0x00007ffa360d0000 - 0x00007ffa36182000 	C:\WINDOWS\System32\KERNEL32.DLL
0x00007ffa35c20000 - 0x00007ffa35e93000 	C:\WINDOWS\System32\KERNELBASE.dll
0x00007ffa35ed0000 - 0x00007ffa35f71000 	C:\WINDOWS\System32\ADVAPI32.dll
0x00007ffa383a0000 - 0x00007ffa3843e000 	C:\WINDOWS\System32\msvcrt.dll
0x00007ffa38940000 - 0x00007ffa3899b000 	C:\WINDOWS\System32\sechost.dll
0x00007ffa37db0000 - 0x00007ffa37ed4000 	C:\WINDOWS\System32\RPCRT4.dll
0x00007ffa38210000 - 0x00007ffa383a0000 	C:\WINDOWS\System32\USER32.dll
0x00007ffa35ea0000 - 0x00007ffa35ec0000 	C:\WINDOWS\System32\win32u.dll
0x00007ffa37820000 - 0x00007ffa37848000 	C:\WINDOWS\System32\GDI32.dll
0x00007ffa34fb0000 - 0x00007ffa35142000 	C:\WINDOWS\System32\gdi32full.dll
0x00007ffa35b00000 - 0x00007ffa35b9f000 	C:\WINDOWS\System32\msvcp_win.dll
0x00007ffa34eb0000 - 0x00007ffa34faa000 	C:\WINDOWS\System32\ucrtbase.dll
0x00007ffa297f0000 - 0x00007ffa29a59000 	C:\WINDOWS\WinSxS\amd64_microsoft.windows.common-controls_6595b64144ccf1df_6.0.17134.472_none_fb3f9af53068156d\COMCTL32.dll
0x00007ffa37ee0000 - 0x00007ffa38202000 	C:\WINDOWS\System32\combase.dll
0x00007ffa35ba0000 - 0x00007ffa35c1a000 	C:\WINDOWS\System32\bcryptPrimitives.dll
0x00007ffa386f0000 - 0x00007ffa3871d000 	C:\WINDOWS\System32\IMM32.DLL
0x00007ffa34640000 - 0x00007ffa34677000 	C:\WINDOWS\system32\DriverStore\FileRepository\nvaci.inf_amd64_7fddf0eb988d541c\nvinitx.dll
0x00007ffa34630000 - 0x00007ffa3463a000 	C:\WINDOWS\SYSTEM32\VERSION.dll
0x00007ffa36310000 - 0x00007ffa37750000 	C:\WINDOWS\System32\Shell32.dll
0x00007ffa35a50000 - 0x00007ffa35a99000 	C:\WINDOWS\System32\cfgmgr32.dll
0x00007ffa38640000 - 0x00007ffa386e9000 	C:\WINDOWS\System32\shcore.dll
0x00007ffa35150000 - 0x00007ffa3585d000 	C:\WINDOWS\System32\windows.storage.dll
0x00007ffa36070000 - 0x00007ffa360c1000 	C:\WINDOWS\System32\shlwapi.dll
0x00007ffa34d40000 - 0x00007ffa34d51000 	C:\WINDOWS\System32\kernel.appcore.dll
0x00007ffa34de0000 - 0x00007ffa34dff000 	C:\WINDOWS\System32\profapi.dll
0x00007ffa34d80000 - 0x00007ffa34dcc000 	C:\WINDOWS\System32\powrprof.dll
0x00007ffa34dd0000 - 0x00007ffa34dda000 	C:\WINDOWS\System32\FLTLIB.DLL
0x00000000638a0000 - 0x00000000638a6000 	C:\Program Files\NVIDIA Corporation\CoProcManager\_etoured.dll
0x00007ffa30f40000 - 0x00007ffa30f84000 	C:\Program Files\NVIDIA Corporation\CoProcManager\nvd3d9wrapx.dll
0x00007ffa378e0000 - 0x00007ffa37d2b000 	C:\WINDOWS\System32\SETUPAPI.dll
0x00007ffa30f10000 - 0x00007ffa30f3e000 	C:\Program Files\NVIDIA Corporation\CoProcManager\nvdxgiwrapx.dll
0x0000000062da0000 - 0x0000000062e72000 	C:\Program Files\Java\jdk1.8.0_25\jre\bin\msvcr100.dll
0x0000000062540000 - 0x0000000062d9a000 	C:\Program Files\Java\jdk1.8.0_25\jre\bin\server\jvm.dll
0x00007ffa38930000 - 0x00007ffa38938000 	C:\WINDOWS\System32\PSAPI.DLL
0x00007ffa243f0000 - 0x00007ffa243f9000 	C:\WINDOWS\SYSTEM32\WSOCK32.dll
0x00007ffa37870000 - 0x00007ffa378dc000 	C:\WINDOWS\System32\WS2_32.dll
0x00007ffa32e60000 - 0x00007ffa32e83000 	C:\WINDOWS\SYSTEM32\WINMM.dll
0x00007ffa32d50000 - 0x00007ffa32d7a000 	C:\WINDOWS\SYSTEM32\winmmbase.dll
0x0000000062530000 - 0x000000006253f000 	C:\Program Files\Java\jdk1.8.0_25\jre\bin\verify.dll
0x0000000062500000 - 0x0000000062528000 	C:\Program Files\Java\jdk1.8.0_25\jre\bin\java.dll
0x0000000062370000 - 0x00000000623a5000 	C:\Program Files\Java\jdk1.8.0_25\jre\bin\jdwp.dll
0x0000000062360000 - 0x0000000062368000 	C:\Program Files\Java\jdk1.8.0_25\jre\bin\npt.dll
0x0000000062330000 - 0x0000000062353000 	C:\Program Files\Java\jdk1.8.0_25\jre\bin\instrument.dll
0x00000000624e0000 - 0x00000000624f6000 	C:\Program Files\Java\jdk1.8.0_25\jre\bin\zip.dll
0x0000000062320000 - 0x0000000062329000 	C:\Program Files\Java\jdk1.8.0_25\jre\bin\dt_socket.dll
0x00007ffa34570000 - 0x00007ffa345d6000 	C:\WINDOWS\system32\mswsock.dll
0x00007ffa34770000 - 0x00007ffa34787000 	C:\WINDOWS\SYSTEM32\CRYPTSP.dll
0x00007ffa340f0000 - 0x00007ffa34123000 	C:\WINDOWS\system32\rsaenh.dll
0x00007ffa348a0000 - 0x00007ffa348c5000 	C:\WINDOWS\SYSTEM32\bcrypt.dll
0x00007ffa34c40000 - 0x00007ffa34c68000 	C:\WINDOWS\SYSTEM32\USERENV.dll
0x00007ffa34790000 - 0x00007ffa3479b000 	C:\WINDOWS\SYSTEM32\CRYPTBASE.dll
0x00000000624c0000 - 0x00000000624da000 	C:\Program Files\Java\jdk1.8.0_25\jre\bin\net.dll
0x00007ffa34290000 - 0x00007ffa342c8000 	C:\WINDOWS\SYSTEM32\IPHLPAPI.DLL
0x00007ffa35ec0000 - 0x00007ffa35ec8000 	C:\WINDOWS\System32\NSI.dll
0x00007ffa2f0e0000 - 0x00007ffa2f0f6000 	C:\WINDOWS\SYSTEM32\dhcpcsvc6.DLL
0x00007ffa2f8a0000 - 0x00007ffa2f8ba000 	C:\WINDOWS\SYSTEM32\dhcpcsvc.DLL
0x00000000624a0000 - 0x00000000624b1000 	C:\Program Files\Java\jdk1.8.0_25\jre\bin\nio.dll
0x00007ffa291e0000 - 0x00007ffa293a9000 	C:\WINDOWS\SYSTEM32\dbghelp.dll

VM Arguments:
jvm_args: -agentlib:jdwp=transport=dt_socket,address=127.0.0.1:63688,suspend=y,server=n -ea -Didea.test.cyclic.buffer.size=1048576 -javaagent:C:\Users\ACER\.IntelliJIdea2018.3\system\groovyHotSwap\gragent.jar -javaagent:C:\Users\ACER\.IntelliJIdea2018.3\system\captureAgent\debugger-agent.jar -Dfile.encoding=UTF-8 
java_command: com.intellij.rt.execution.junit.JUnitStarter -ideVersion5 -junit4 com.kodilla.stream.portfolio.BoardTestSuite
java_class_path (initial): C:\Program Files\JetBrains\IntelliJ IDEA 2018.3\lib\idea_rt.jar;C:\Program Files\JetBrains\IntelliJ IDEA 2018.3\plugins\junit\lib\junit-rt.jar;C:\Program Files\JetBrains\IntelliJ IDEA 2018.3\plugins\junit\lib\junit5-rt.jar;C:\Program Files\Java\jdk1.8.0_25\jre\lib\charsets.jar;C:\Program Files\Java\jdk1.8.0_25\jre\lib\deploy.jar;C:\Program Files\Java\jdk1.8.0_25\jre\lib\ext\access-bridge-64.jar;C:\Program Files\Java\jdk1.8.0_25\jre\lib\ext\cldrdata.jar;C:\Program Files\Java\jdk1.8.0_25\jre\lib\ext\dnsns.jar;C:\Program Files\Java\jdk1.8.0_25\jre\lib\ext\jaccess.jar;C:\Program Files\Java\jdk1.8.0_25\jre\lib\ext\jfxrt.jar;C:\Program Files\Java\jdk1.8.0_25\jre\lib\ext\localedata.jar;C:\Program Files\Java\jdk1.8.0_25\jre\lib\ext\nashorn.jar;C:\Program Files\Java\jdk1.8.0_25\jre\lib\ext\sunec.jar;C:\Program Files\Java\jdk1.8.0_25\jre\lib\ext\sunjce_provider.jar;C:\Program Files\Java\jdk1.8.0_25\jre\lib\ext\sunmscapi.jar;C:\Program Files\Java\jdk1.8.0_25\jre\lib\ext\sunpkcs11.jar;C:\Program Files\Java\jdk1.8.0_25\jre\lib\ext\zipfs.jar;C:\Program Files\Java\jdk1.8.0_25\jre\lib\javaws.jar;C:\Program Files\Java\jdk1.8.0_25\jre\lib\jce.jar;C:\Program Files\Java\jdk1.8.0_25\jre\lib\jfr.jar;C:\Program Files\Java\jdk1.8.0_25\jre\lib\jfxswt.jar;C:\Program Files\Java\jdk1.8.0_25\jre\lib\jsse.jar;C:\Program Files\Java\jdk1.8.0_25\jre\lib\management-agent.jar;C:\Program Files\Java\jdk1.8.0_25\jre\lib\plugin.jar;C:\Program Files\Java\jdk1.8.0_25\jre\lib\resources.jar;C:\Program Files\Java\jdk1.8.0_25\jre\lib\rt.jar;C:\Users\ACER\Documents\Development\Projects\kodilla-course\kodilla-stream\out\test\classes;C:\Users\ACER\Documents\Development\Projects\kodilla-course\kodilla-stream\out\production\classes;C:\Users\ACER\.gradle\caches\modules-2\files-2.1\junit\junit\4.12\2973d150c0dc1fefe998f834810d68f278ea58ec\junit-4.12.jar;C:\Users\ACER\.gradle\caches\modules-2\files-2.1\org.hamcrest\hamcrest-core\1.3\42a25dc3219429f0e5d060061f71acb49bf010a0\hamcrest-core-1.
Launcher Type: SUN_STANDARD

Environment Variables:
JAVA_HOME=C:\Program Files\Java\jdk1.8.0_191
PATH=C:\Program Files\Java\jdk1.8.0_191\bin;C:\ProgramData\Oracle\Java\javapath;C:\Program Files\Broadcom\Broadcom 802.11 Network Adapter\Driver;C:\Program Files (x86)\Intel\iCLS Client\;C:\Program Files\Intel\iCLS Client\;C:\Program Files\Common Files\Microsoft Shared\Windows Live;C:\Program Files (x86)\Common Files\Microsoft Shared\Windows Live;C:\WINDOWS\system32;C:\WINDOWS;C:\WINDOWS\System32\Wbem;C:\WINDOWS\System32\WindowsPowerShell\v1.0\;C:\Program Files (x86)\Windows Live\Shared;C:\Program Files (x86)\Apache Software Foundation\Apache2.2\bin;C:\Program Files (x86)\php;C:\adb;C:\Program Files (x86)\NVIDIA Corporation\PhysX\Common;C:\WINDOWS\system32;C:\WINDOWS;C:\WINDOWS\System32\Wbem;C:\WINDOWS\System32\WindowsPowerShell\v1.0\;C:\WINDOWS\System32\OpenSSH\;C:\Program Files\Git\cmd;C:\Program Files\Git\mingw64\bin;C:\Program Files\Git\usr\bin;C:\gradle-4.10.3\bin;C:\Users\ACER\AppData\Local\Microsoft\WindowsApps;
USERNAME=Mateusz
OS=Windows_NT
PROCESSOR_IDENTIFIER=Intel64 Family 6 Model 42 Stepping 7, GenuineIntel



---------------  S Y S T E M  ---------------

OS: Windows 8.1 , 64 bit Build 9600 

CPU:total 4 (2 cores per cpu, 2 threads per core) family 6 model 42 stepping 7, cmov, cx8, fxsr, mmx, sse, sse2, sse3, ssse3, sse4.1, sse4.2, popcnt, avx, aes, clmul, ht, tsc, tscinvbit

Memory: 4k page, physical 6139756k(1978304k free), swap 12431212k(6468936k free)

vm_info: Java HotSpot(TM) 64-Bit Server VM (25.25-b02) for windows-amd64 JRE (1.8.0_25-b18), built on Oct  7 2014 14:25:37 by "java_re" with MS VC++ 10.0 (VS2010)

time: Tue Jan 01 19:59:15 2019
elapsed time: 203 seconds (0d 0h 3m 23s)

